<testsuite failures="1" name="tmp/junit15628981019954503578/Rijkswaterstaat/Kaderrichtlijn-Mariene-Strategie---Bevroren-monitoringsdata/other/Kaderrichtlijn-Mariene-Strategie---Bevroren-monitoringsdata-WFS/checklink.feature" skipped="0" tests="1" time="0.928961">
  <testcase classname="tmp.junit15628981019954503578.Rijkswaterstaat.Kaderrichtlijn-Mariene-Strategie---Bevroren-monitoringsdata.other.Kaderrichtlijn-Mariene-Strategie---Bevroren-monitoringsdata-WFS.checklink" name="check service url" time="0.928961">
    <failure message="checklink.feature:14 - status code was: 501, expected: 200, response time: 922, url: https://marineprojects.openearth.nl/geoserver/ihm_krm/wfs?service=WFS&amp;version=2.0.0&amp;request=GetCapabilities, response: ">* def metadata = read('metadata.Service.json') ............................ passed
* print metadata .......................................................... passed
* print "testing url:" + metadata.url ..................................... passed
Given url metadata.url .................................................... passed
When method HEAD .......................................................... passed
Then status 200 ........................................................... failed

Stack Trace:
com.intuit.karate.exception.KarateException: checklink.feature:14 - status code was: 501, expected: 200, response time: 922, url: https://marineprojects.openearth.nl/geoserver/ihm_krm/wfs?service=WFS&amp;version=2.0.0&amp;request=GetCapabilities, response: 
	at ✽.Then status 200 (checklink.feature:14)</failure>
  </testcase>
</testsuite>
