<testsuite failures="1" name="tmp/junit15628981019954503578/Rijkswaterstaat/Kaderrichtlijn-Mariene-Strategie---Bevroren-monitoringsdata/view/Kaderrichtlijn-Mariene-Strategie---Bevroren-monitoringsdata-WMS/checkViewUrl.feature" skipped="0" tests="1" time="1.336251">
  <testcase classname="tmp.junit15628981019954503578.Rijkswaterstaat.Kaderrichtlijn-Mariene-Strategie---Bevroren-monitoringsdata.view.Kaderrichtlijn-Mariene-Strategie---Bevroren-monitoringsdata-WMS.checkViewUrl" name="check view service url" time="1.336251">
    <failure message="checkViewUrl.feature:14 - status code was: 501, expected: 200, response time: 1335, url: https://marineprojects.openearth.nl/geoserver/ihm_krm/wms?service=WMS&amp;version=1.3.0&amp;request=GetCapabilities, response: ">* def metadata = read('metadata.Service.json') ............................ passed
* print metadata .......................................................... passed
* print "testing url:" + metadata.url ..................................... passed
Given url metadata.url .................................................... passed
When method HEAD .......................................................... passed
Then status 200 ........................................................... failed

Stack Trace:
com.intuit.karate.exception.KarateException: checkViewUrl.feature:14 - status code was: 501, expected: 200, response time: 1335, url: https://marineprojects.openearth.nl/geoserver/ihm_krm/wms?service=WMS&amp;version=1.3.0&amp;request=GetCapabilities, response: 
	at ✽.Then status 200 (checkViewUrl.feature:14)

And match responseHeaders['Content-Length'][0] == '#notnull' .............. skipped
And def filesize =  responseHeaders['Content-Length'][0] .................. skipped
* assert filesize &gt; 50 .................................................... skipped</failure>
  </testcase>
</testsuite>
