<testsuite failures="1" name="tmp/junit15628981019954503578/Interprovinciaal-Overleg/Natuurbranden/download/INSPIRE-Download-service-voor-Gebieden-met-natuurrisico-s/checkdownloadurl.feature" skipped="0" tests="1" time="0.208229">
  <testcase classname="tmp.junit15628981019954503578.Interprovinciaal-Overleg.Natuurbranden.download.INSPIRE-Download-service-voor-Gebieden-met-natuurrisico-s.checkdownloadurl" name="check service url" time="0.208229">
    <failure message="checkdownloadurl.feature:14 - status code was: 400, expected: 200, response time: 206, url: http://services.inspire-provincies.nl/NaturalRiskZones/services/download_NZ?request=GetCapabilities, response: ">* def metadata = read('metadata.Service.json') ............................ passed
* print metadata .......................................................... passed
* print "testing url:" + metadata.url ..................................... passed
Given url metadata.url .................................................... passed
When method HEAD .......................................................... passed
Then status 200 ........................................................... failed

Stack Trace:
com.intuit.karate.exception.KarateException: checkdownloadurl.feature:14 - status code was: 400, expected: 200, response time: 206, url: http://services.inspire-provincies.nl/NaturalRiskZones/services/download_NZ?request=GetCapabilities, response: 
	at âœ½.Then status 200 (checkdownloadurl.feature:14)

And match responseHeaders['Content-Length'][0] == '#notnull' .............. skipped
And match responseHeaders['Content-Type'][0] == 'text/xml' ................ skipped
And def filesize =  responseHeaders['Content-Length'][0] .................. skipped
* assert filesize &gt; 2000 .................................................. skipped</failure>
  </testcase>
</testsuite>
