<testsuite failures="1" name="tmp/junit17863174098671850733/Ministerie-van-Defensie--Koninklijke-Marine--Dienst-der-Hydrografie/Eemsmonding-volgens-het-Eems-Dollardverdrag/view/Eemsmonding-volgens-het-Eems-Dollardverdrag-Viewservice/checkViewUrl.feature" skipped="0" tests="1" time="0.319366">
  <testcase classname="tmp.junit17863174098671850733.Ministerie-van-Defensie--Koninklijke-Marine--Dienst-der-Hydrografie.Eemsmonding-volgens-het-Eems-Dollardverdrag.view.Eemsmonding-volgens-het-Eems-Dollardverdrag-Viewservice.checkViewUrl" name="check view service url" time="0.319366">
    <failure message="checkViewUrl.feature:16 - path: $['Content-Length'][0], actual: null, expected: '#notnull', reason: actual json-path does not exist">* def metadata = read('metadata.Service.json') ............................ passed
* print metadata .......................................................... passed
* print "testing url:" + metadata.url ..................................... passed
Given url metadata.url .................................................... passed
When method HEAD .......................................................... passed
Then status 200 ........................................................... passed
And match responseHeaders['Content-Length'][0] == '#notnull' .............. failed

Stack Trace:
com.intuit.karate.exception.KarateException: checkViewUrl.feature:16 - path: $['Content-Length'][0], actual: null, expected: '#notnull', reason: actual json-path does not exist
	at âœ½.And match responseHeaders['Content-Length'][0] == '#notnull' (checkViewUrl.feature:16)

And def filesize =  responseHeaders['Content-Length'][0] .................. skipped
* assert filesize &gt; 50 .................................................... skipped</failure>
  </testcase>
</testsuite>
