<testsuite failures="1" name="tmp/junit17863174098671850733/Rijkswaterstaat/Kaderrichtlijn-Mariene-Strategie---Bevroren-monitoringsdata/other/Kaderrichtlijn-Mariene-Strategie---Bevroren-monitoringsdata-WFS/checkOtherUrl.feature" skipped="0" tests="1" time="0.796578">
  <testcase classname="tmp.junit17863174098671850733.Rijkswaterstaat.Kaderrichtlijn-Mariene-Strategie---Bevroren-monitoringsdata.other.Kaderrichtlijn-Mariene-Strategie---Bevroren-monitoringsdata-WFS.checkOtherUrl" name="check service url" time="0.796578">
    <failure message="checkOtherUrl.feature:15 - status code was: 501, expected: 200, response time: 782, url: https://marineprojects.openearth.nl/geoserver/ihm_krm/wfs?service=WFS&amp;version=2.0.0&amp;request=GetCapabilities, response: ">* def metadata = read('metadata.Service.json') ............................ passed
* print metadata .......................................................... passed
* print "testing url:" + metadata.url ..................................... passed
Given url metadata.url .................................................... passed
When method HEAD .......................................................... passed
Then status 200 ........................................................... failed

Stack Trace:
com.intuit.karate.exception.KarateException: checkOtherUrl.feature:15 - status code was: 501, expected: 200, response time: 782, url: https://marineprojects.openearth.nl/geoserver/ihm_krm/wfs?service=WFS&amp;version=2.0.0&amp;request=GetCapabilities, response: 
	at ✽.Then status 200 (checkOtherUrl.feature:15)

And match responseHeaders['Content-Length'][0] == '#notnull' .............. skipped
And def filesize =  responseHeaders['Content-Length'][0] .................. skipped
* assert filesize &gt; 50 .................................................... skipped</failure>
  </testcase>
</testsuite>
