<testsuite failures="1" name="tmp/junit17863174098671850733/Beheer-PDOK/Kadastrale-Percelen--INSPIRE-geharmoniseerd-/view/Kadastrale-Percelen--INSPIRE-geharmoniseerd--WMS/checkViewUrl.feature" skipped="0" tests="1" time="0.428563">
  <testcase classname="tmp.junit17863174098671850733.Beheer-PDOK.Kadastrale-Percelen--INSPIRE-geharmoniseerd-.view.Kadastrale-Percelen--INSPIRE-geharmoniseerd--WMS.checkViewUrl" name="check view service url" time="0.428563">
    <failure message="checkViewUrl.feature:15 - status code was: 404, expected: 200, response time: 424, url: https://geodata.nationaalgeoregister.nl/inspire/cp/wms?request=GetCapabilities, response: ">* def metadata = read('metadata.Service.json') ............................ passed
* print metadata .......................................................... passed
* print "testing url:" + metadata.url ..................................... passed
Given url metadata.url .................................................... passed
When method HEAD .......................................................... passed
Then status 200 ........................................................... failed

Stack Trace:
com.intuit.karate.exception.KarateException: checkViewUrl.feature:15 - status code was: 404, expected: 200, response time: 424, url: https://geodata.nationaalgeoregister.nl/inspire/cp/wms?request=GetCapabilities, response: 
	at âœ½.Then status 200 (checkViewUrl.feature:15)

And match responseHeaders['Content-Length'][0] == '#notnull' .............. skipped
And def filesize =  responseHeaders['Content-Length'][0] .................. skipped
* assert filesize &gt; 50 .................................................... skipped</failure>
  </testcase>
</testsuite>
