<testsuite failures="1" name="tmp/junit17863174098671850733/TNO-Geologische-Dienst-Nederland/Totale-potentie-aardwarmte-uit-aquifers--INSPIRE/view/Totale-potentie-aardwarmte-uit-aquifers--INSPIRE--viewservice/checkViewUrl.feature" skipped="0" tests="1" time="0.30769">
  <testcase classname="tmp.junit17863174098671850733.TNO-Geologische-Dienst-Nederland.Totale-potentie-aardwarmte-uit-aquifers--INSPIRE.view.Totale-potentie-aardwarmte-uit-aquifers--INSPIRE--viewservice.checkViewUrl" name="check view service url" time="0.30769">
    <failure message="checkViewUrl.feature:15 - status code was: 400, expected: 200, response time: 306, url: https://www.broinspireservices.nl/arcgis/services/inspire/inspire_awp/MapServer/WMSServer?request=GetCapabilities&amp;service=WMS, response: ">* def metadata = read('metadata.Service.json') ............................ passed
* print metadata .......................................................... passed
* print "testing url:" + metadata.url ..................................... passed
Given url metadata.url .................................................... passed
When method HEAD .......................................................... passed
Then status 200 ........................................................... failed

Stack Trace:
com.intuit.karate.exception.KarateException: checkViewUrl.feature:15 - status code was: 400, expected: 200, response time: 306, url: https://www.broinspireservices.nl/arcgis/services/inspire/inspire_awp/MapServer/WMSServer?request=GetCapabilities&amp;service=WMS, response: 
	at âœ½.Then status 200 (checkViewUrl.feature:15)

And match responseHeaders['Content-Length'][0] == '#notnull' .............. skipped
And def filesize =  responseHeaders['Content-Length'][0] .................. skipped
* assert filesize &gt; 50 .................................................... skipped</failure>
  </testcase>
</testsuite>
