<testsuite failures="1" name="tmp/junit17863174098671850733/Beheer-PDOK/Vervoersnetwerken---Wegen--INSPIRE-geharmoniseerd----RWS/download/Inspire-nl-vervoersnetwerken---gemeenschappelijk-elementen-WFS/checkdownloadurl.feature" skipped="0" tests="1" time="0.423653">
  <testcase classname="tmp.junit17863174098671850733.Beheer-PDOK.Vervoersnetwerken---Wegen--INSPIRE-geharmoniseerd----RWS.download.Inspire-nl-vervoersnetwerken---gemeenschappelijk-elementen-WFS.checkdownloadurl" name="check service url" time="0.423653">
    <failure message="checkdownloadurl.feature:15 - status code was: 400, expected: 200, response time: 421, url: https://geodata.nationaalgeoregister.nl/nl/rws/tn-cte/wfs?, response: ">* def metadata = read('metadata.Service.json') ............................ passed
* print metadata .......................................................... passed
* print "testing url:" + metadata.url ..................................... passed
Given url metadata.url .................................................... passed
When method HEAD .......................................................... passed
Then status 200 ........................................................... failed

Stack Trace:
com.intuit.karate.exception.KarateException: checkdownloadurl.feature:15 - status code was: 400, expected: 200, response time: 421, url: https://geodata.nationaalgeoregister.nl/nl/rws/tn-cte/wfs?, response: 
	at âœ½.Then status 200 (checkdownloadurl.feature:15)

And match responseHeaders['Content-Length'][0] == '#notnull' .............. skipped
And match responseHeaders['Content-Type'][0] == 'text/xml' ................ skipped
And def filesize =  responseHeaders['Content-Length'][0] .................. skipped
* assert filesize &gt; 2000 .................................................. skipped</failure>
  </testcase>
</testsuite>
