<testsuite failures="1" name="tmp/junit15628981019954503578/Rijksinstituut-voor-Volksgezondheid-en-Milieu/Gemeten-Ammoniak-concentraties-in-buitenlucht-/download/Meetwaarden-van-Luchtkwaliteitsstations-in-Nederland-/checkdownloadurl.feature" skipped="0" tests="1" time="0.286778">
  <testcase classname="tmp.junit15628981019954503578.Rijksinstituut-voor-Volksgezondheid-en-Milieu.Gemeten-Ammoniak-concentraties-in-buitenlucht-.download.Meetwaarden-van-Luchtkwaliteitsstations-in-Nederland-.checkdownloadurl" name="check service url" time="0.286778">
    <failure message="checkdownloadurl.feature:14 - status code was: 400, expected: 200, response time: 278, url: https://inspire.rivm.nl/sos/eaq/service?service=AQD&amp;version=1.0.0&amp;request=GetCapabilities, response: ">* def metadata = read('metadata.Service.json') ............................ passed
* print metadata .......................................................... passed
* print "testing url:" + metadata.url ..................................... passed
Given url metadata.url .................................................... passed
When method HEAD .......................................................... passed
Then status 200 ........................................................... failed

Stack Trace:
com.intuit.karate.exception.KarateException: checkdownloadurl.feature:14 - status code was: 400, expected: 200, response time: 278, url: https://inspire.rivm.nl/sos/eaq/service?service=AQD&amp;version=1.0.0&amp;request=GetCapabilities, response: 
	at ✽.Then status 200 (checkdownloadurl.feature:14)

And match responseHeaders['Content-Length'][0] == '#notnull' .............. skipped
And match responseHeaders['Content-Type'][0] == 'text/xml' ................ skipped
And def filesize =  responseHeaders['Content-Length'][0] .................. skipped
* assert filesize &gt; 2000 .................................................. skipped</failure>
  </testcase>
</testsuite>
