<testsuite failures="1" name="tmp/junit15628981019954503578/Beheer-PDOK/Wijk--en-Buurtkaart-2018-versie-3/download/CBS-Wijken-en-Buurten-2018-versie-1-WFS/checkdownloadurl.feature" skipped="0" tests="1" time="0.44362">
  <testcase classname="tmp.junit15628981019954503578.Beheer-PDOK.Wijk--en-Buurtkaart-2018-versie-3.download.CBS-Wijken-en-Buurten-2018-versie-1-WFS.checkdownloadurl" name="check service url" time="0.44362">
    <failure message="checkdownloadurl.feature:15 - path: $['Content-Length'][0], actual: null, expected: '#notnull', reason: actual json-path does not exist">* def metadata = read('metadata.Service.json') ............................ passed
* print metadata .......................................................... passed
* print "testing url:" + metadata.url ..................................... passed
Given url metadata.url .................................................... passed
When method HEAD .......................................................... passed
Then status 200 ........................................................... passed
And match responseHeaders['Content-Length'][0] == '#notnull' .............. failed

Stack Trace:
com.intuit.karate.exception.KarateException: checkdownloadurl.feature:15 - path: $['Content-Length'][0], actual: null, expected: '#notnull', reason: actual json-path does not exist
	at âœ½.And match responseHeaders['Content-Length'][0] == '#notnull' (checkdownloadurl.feature:15)

And match responseHeaders['Content-Type'][0] == 'text/xml' ................ skipped
And def filesize =  responseHeaders['Content-Length'][0] .................. skipped
* assert filesize &gt; 2000 .................................................. skipped</failure>
  </testcase>
</testsuite>
