<testsuite failures="1" name="tmp/junit15628981019954503578/Beheer-PDOK--Rijkswaterstaat--Rijkswaterstaat--Beheer-PDOK--Rijkswaterstaat/Hydrografie---Netwerk--INSPIRE-geharmoniseerd----WT/other/Hydrografie---Netwerk--INSPIRE-geharmoniseerd----WT-WFS/checkOtherUrl.feature" skipped="0" tests="1" time="0.40712">
  <testcase classname="tmp.junit15628981019954503578.Beheer-PDOK--Rijkswaterstaat--Rijkswaterstaat--Beheer-PDOK--Rijkswaterstaat.Hydrografie---Netwerk--INSPIRE-geharmoniseerd----WT.other.Hydrografie---Netwerk--INSPIRE-geharmoniseerd----WT-WFS.checkOtherUrl" name="check service url" time="0.40712">
    <failure message="checkOtherUrl.feature:15 - path: $['Content-Length'][0], actual: null, expected: '#notnull', reason: actual json-path does not exist">* def metadata = read('metadata.Service.json') ............................ passed
* print metadata .......................................................... passed
* print "testing url:" + metadata.url ..................................... passed
Given url metadata.url .................................................... passed
When method HEAD .......................................................... passed
Then status 200 ........................................................... passed
And match responseHeaders['Content-Length'][0] == '#notnull' .............. failed

Stack Trace:
com.intuit.karate.exception.KarateException: checkOtherUrl.feature:15 - path: $['Content-Length'][0], actual: null, expected: '#notnull', reason: actual json-path does not exist
	at âœ½.And match responseHeaders['Content-Length'][0] == '#notnull' (checkOtherUrl.feature:15)

And def filesize =  responseHeaders['Content-Length'][0] .................. skipped
* assert filesize &gt; 50 .................................................... skipped</failure>
  </testcase>
</testsuite>
