<testsuite failures="0" name="tmp/junit17863174098671850733/Beheer-PDOK/Geluidkaart-hoofdspoornet-2016--Lnight-/view/Geluidblootstelling-van-het-hoofdspoorwegennet-Lnight-WMS/checkViewUrl.feature" skipped="0" tests="1" time="0.406436">
  <testcase classname="tmp.junit17863174098671850733.Beheer-PDOK.Geluidkaart-hoofdspoornet-2016--Lnight-.view.Geluidblootstelling-van-het-hoofdspoorwegennet-Lnight-WMS.checkViewUrl" name="check view service url" time="0.406436">
    <system-out>* def metadata = read('metadata.Service.json') ............................ passed
* print metadata .......................................................... passed
* print "testing url:" + metadata.url ..................................... passed
Given url metadata.url .................................................... passed
When method HEAD .......................................................... passed
Then status 200 ........................................................... passed
And match responseHeaders['Content-Length'][0] == '#notnull' .............. passed
And def filesize =  responseHeaders['Content-Length'][0] .................. passed
* assert filesize &gt; 50 .................................................... passed</system-out>
  </testcase>
</testsuite>
