<testsuite failures="1" name="tmp/junit17863174098671850733/Ministerie-van-Defensie--Koninklijke-Marine--Dienst-der-Hydrografie/Amplitude-van-het-getij-op-de-Noordzee/view/Amplitude-van-het-getij-op-de-Noordzee-Viewservice/checkViewUrl.feature" skipped="0" tests="1" time="0.32228">
  <testcase classname="tmp.junit17863174098671850733.Ministerie-van-Defensie--Koninklijke-Marine--Dienst-der-Hydrografie.Amplitude-van-het-getij-op-de-Noordzee.view.Amplitude-van-het-getij-op-de-Noordzee-Viewservice.checkViewUrl" name="check view service url" time="0.32228">
    <failure message="checkViewUrl.feature:15 - status code was: 503, expected: 200, response time: 315, url: https://inspire.caris.nl/server/services/ows/view/map/amplitude-getij_IVS?request=GetCapabilities&amp;service=WMS&amp;version=1.3.0, response: ">* def metadata = read('metadata.Service.json') ............................ passed
* print metadata .......................................................... passed
* print "testing url:" + metadata.url ..................................... passed
Given url metadata.url .................................................... passed
When method HEAD .......................................................... passed
Then status 200 ........................................................... failed

Stack Trace:
com.intuit.karate.exception.KarateException: checkViewUrl.feature:15 - status code was: 503, expected: 200, response time: 315, url: https://inspire.caris.nl/server/services/ows/view/map/amplitude-getij_IVS?request=GetCapabilities&amp;service=WMS&amp;version=1.3.0, response: 
	at âœ½.Then status 200 (checkViewUrl.feature:15)

And match responseHeaders['Content-Length'][0] == '#notnull' .............. skipped
And def filesize =  responseHeaders['Content-Length'][0] .................. skipped
* assert filesize &gt; 50 .................................................... skipped</failure>
  </testcase>
</testsuite>
