<testsuite failures="1" name="tmp/junit17863174098671850733/Ministerie-van-Defensie--Koninklijke-Marine--Dienst-der-Hydrografie/Territoriale-Zee-volgens-UNCLOS---Noordzee/download/Territoriale-Zee-volgens-UNCLOS---Noordzee---ATOM/checkdownloadurl.feature" skipped="0" tests="1" time="0.316017">
  <testcase classname="tmp.junit17863174098671850733.Ministerie-van-Defensie--Koninklijke-Marine--Dienst-der-Hydrografie.Territoriale-Zee-volgens-UNCLOS---Noordzee.download.Territoriale-Zee-volgens-UNCLOS---Noordzee---ATOM.checkdownloadurl" name="check service url" time="0.316017">
    <failure message="checkdownloadurl.feature:17 - path: $['Content-Type'][0], actual: 'application/atom+xml', expected: 'text/xml', reason: not equal">* def metadata = read('metadata.Service.json') ............................ passed
* print metadata .......................................................... passed
* print "testing url:" + metadata.url ..................................... passed
Given url metadata.url .................................................... passed
When method HEAD .......................................................... passed
Then status 200 ........................................................... passed
And match responseHeaders['Content-Length'][0] == '#notnull' .............. passed
And match responseHeaders['Content-Type'][0] == 'text/xml' ................ failed

Stack Trace:
com.intuit.karate.exception.KarateException: checkdownloadurl.feature:17 - path: $['Content-Type'][0], actual: 'application/atom+xml', expected: 'text/xml', reason: not equal
	at âœ½.And match responseHeaders['Content-Type'][0] == 'text/xml' (checkdownloadurl.feature:17)

And def filesize =  responseHeaders['Content-Length'][0] .................. skipped
* assert filesize &gt; 2000 .................................................. skipped</failure>
  </testcase>
</testsuite>
